<?xml version="1.0" encoding="UTF-8"?>
<!-- Generated by org.testng.reporters.JUnitReportReporter -->
<testsuite hostname="HMECL003091" name="com.qa.tests.LoginTest" tests="2" failures="0" timestamp="30 Mar 2020 16:30:33 GMT" time="0.003" errors="2">
  <testcase name="freemCRMLogoTest" time="0.001" classname="com.qa.tests.LoginTest">
    <error type="org.openqa.selenium.SessionNotCreatedException" message="session not created: This version of ChromeDriver only supports Chrome version 78
Build info: version: &#039;3.11.0&#039;, revision: &#039;e59cfb3&#039;, time: &#039;2018-03-11T20:26:55.152Z&#039;
System info: host: &#039;HMECL003091&#039;, ip: &#039;10.160.251.12&#039;, os.name: &#039;Windows 10&#039;, os.arch: &#039;amd64&#039;, os.version: &#039;10.0&#039;, java.version: &#039;1.8.0_241&#039;
Driver info: driver.version: ChromeDriver
remote stacktrace: Backtrace:
	Ordinal0 [0x0029A903+1550595]
	Ordinal0 [0x0021A701+1025793]
	Ordinal0 [0x0019C6E5+509669]
	Ordinal0 [0x0012FC68+64616]
	Ordinal0 [0x0012C594+50580]
	Ordinal0 [0x0014ACE7+175335]
	Ordinal0 [0x0014A8ED+174317]
	Ordinal0 [0x00148CDB+167131]
	Ordinal0 [0x0013144A+70730]
	Ordinal0 [0x001324D0+74960]
	Ordinal0 [0x00132469+74857]
	Ordinal0 [0x002342C7+1131207]
	GetHandleVerifier [0x003370FD+523789]
	GetHandleVerifier [0x00336E90+523168]
	GetHandleVerifier [0x0033E1E7+552695]
	GetHandleVerifier [0x003378FA+525834]
	Ordinal0 [0x0022B7FC+1095676]
	Ordinal0 [0x0023633B+1139515]
	Ordinal0 [0x002364A3+1139875]
	Ordinal0 [0x00235425+1135653]
	BaseThreadInitThunk [0x74E560C9+25]
	RtlGetAppContainerNamedObjectPath [0x76F77A94+228]
	RtlGetAppContainerNamedObjectPath [0x76F77A64+180]
">
      <![CDATA[org.openqa.selenium.SessionNotCreatedException: session not created: This version of ChromeDriver only supports Chrome version 78
Build info: version: '3.11.0', revision: 'e59cfb3', time: '2018-03-11T20:26:55.152Z'
System info: host: 'HMECL003091', ip: '10.160.251.12', os.name: 'Windows 10', os.arch: 'amd64', os.version: '10.0', java.version: '1.8.0_241'
Driver info: driver.version: ChromeDriver
remote stacktrace: Backtrace:
	Ordinal0 [0x0029A903+1550595]
	Ordinal0 [0x0021A701+1025793]
	Ordinal0 [0x0019C6E5+509669]
	Ordinal0 [0x0012FC68+64616]
	Ordinal0 [0x0012C594+50580]
	Ordinal0 [0x0014ACE7+175335]
	Ordinal0 [0x0014A8ED+174317]
	Ordinal0 [0x00148CDB+167131]
	Ordinal0 [0x0013144A+70730]
	Ordinal0 [0x001324D0+74960]
	Ordinal0 [0x00132469+74857]
	Ordinal0 [0x002342C7+1131207]
	GetHandleVerifier [0x003370FD+523789]
	GetHandleVerifier [0x00336E90+523168]
	GetHandleVerifier [0x0033E1E7+552695]
	GetHandleVerifier [0x003378FA+525834]
	Ordinal0 [0x0022B7FC+1095676]
	Ordinal0 [0x0023633B+1139515]
	Ordinal0 [0x002364A3+1139875]
	Ordinal0 [0x00235425+1135653]
	BaseThreadInitThunk [0x74E560C9+25]
	RtlGetAppContainerNamedObjectPath [0x76F77A94+228]
	RtlGetAppContainerNamedObjectPath [0x76F77A64+180]

	at sun.reflect.NativeConstructorAccessorImpl.newInstance0(Native Method)
	at sun.reflect.NativeConstructorAccessorImpl.newInstance(Unknown Source)
	at sun.reflect.DelegatingConstructorAccessorImpl.newInstance(Unknown Source)
	at java.lang.reflect.Constructor.newInstance(Unknown Source)
	at org.openqa.selenium.remote.W3CHandshakeResponse.lambda$new$0(W3CHandshakeResponse.java:57)
	at org.openqa.selenium.remote.W3CHandshakeResponse.lambda$getResponseFunction$2(W3CHandshakeResponse.java:104)
	at org.openqa.selenium.remote.ProtocolHandshake.lambda$createSession$0(ProtocolHandshake.java:123)
	at java.util.stream.ReferencePipeline$3$1.accept(Unknown Source)
	at java.util.Spliterators$ArraySpliterator.tryAdvance(Unknown Source)
	at java.util.stream.ReferencePipeline.forEachWithCancel(Unknown Source)
	at java.util.stream.AbstractPipeline.copyIntoWithCancel(Unknown Source)
	at java.util.stream.AbstractPipeline.copyInto(Unknown Source)
	at java.util.stream.AbstractPipeline.wrapAndCopyInto(Unknown Source)
	at java.util.stream.FindOps$FindOp.evaluateSequential(Unknown Source)
	at java.util.stream.AbstractPipeline.evaluate(Unknown Source)
	at java.util.stream.ReferencePipeline.findFirst(Unknown Source)
	at org.openqa.selenium.remote.ProtocolHandshake.createSession(ProtocolHandshake.java:126)
	at org.openqa.selenium.remote.ProtocolHandshake.createSession(ProtocolHandshake.java:73)
	at org.openqa.selenium.remote.HttpCommandExecutor.execute(HttpCommandExecutor.java:136)
	at org.openqa.selenium.remote.service.DriverCommandExecutor.execute(DriverCommandExecutor.java:83)
	at org.openqa.selenium.remote.RemoteWebDriver.execute(RemoteWebDriver.java:545)
	at org.openqa.selenium.remote.RemoteWebDriver.startSession(RemoteWebDriver.java:209)
	at org.openqa.selenium.remote.RemoteWebDriver.<init>(RemoteWebDriver.java:132)
	at org.openqa.selenium.chrome.ChromeDriver.<init>(ChromeDriver.java:181)
	at org.openqa.selenium.chrome.ChromeDriver.<init>(ChromeDriver.java:168)
	at org.openqa.selenium.chrome.ChromeDriver.<init>(ChromeDriver.java:123)
	at com.qa.tests.LoginTest.setup(LoginTest.java:25)
	at sun.reflect.NativeMethodAccessorImpl.invoke0(Native Method)
	at sun.reflect.NativeMethodAccessorImpl.invoke(Unknown Source)
	at sun.reflect.DelegatingMethodAccessorImpl.invoke(Unknown Source)
	at java.lang.reflect.Method.invoke(Unknown Source)
	at org.testng.internal.MethodInvocationHelper.invokeMethod(MethodInvocationHelper.java:85)
	at org.testng.internal.Invoker.invokeConfigurationMethod(Invoker.java:517)
	at org.testng.internal.Invoker.invokeConfigurations(Invoker.java:213)
	at org.testng.internal.Invoker.invokeMethod(Invoker.java:601)
	at org.testng.internal.Invoker.invokeTestMethod(Invoker.java:845)
	at org.testng.internal.Invoker.invokeTestMethods(Invoker.java:1153)
	at org.testng.internal.TestMethodWorker.invokeTestMethods(TestMethodWorker.java:125)
	at org.testng.internal.TestMethodWorker.run(TestMethodWorker.java:108)
	at java.util.concurrent.ThreadPoolExecutor.runWorker(Unknown Source)
	at java.util.concurrent.ThreadPoolExecutor$Worker.run(Unknown Source)
	at java.lang.Thread.run(Unknown Source)
]]>
    </error>
  </testcase> <!-- freemCRMLogoTest -->
  <testcase name="freeCrmTitleTest" time="0.002" classname="com.qa.tests.LoginTest">
    <error type="org.openqa.selenium.SessionNotCreatedException" message="session not created: This version of ChromeDriver only supports Chrome version 78
Build info: version: &#039;3.11.0&#039;, revision: &#039;e59cfb3&#039;, time: &#039;2018-03-11T20:26:55.152Z&#039;
System info: host: &#039;HMECL003091&#039;, ip: &#039;10.160.251.12&#039;, os.name: &#039;Windows 10&#039;, os.arch: &#039;amd64&#039;, os.version: &#039;10.0&#039;, java.version: &#039;1.8.0_241&#039;
Driver info: driver.version: ChromeDriver
remote stacktrace: Backtrace:
	Ordinal0 [0x0029A903+1550595]
	Ordinal0 [0x0021A701+1025793]
	Ordinal0 [0x0019C6E5+509669]
	Ordinal0 [0x0012FC68+64616]
	Ordinal0 [0x0012C594+50580]
	Ordinal0 [0x0014ACE7+175335]
	Ordinal0 [0x0014A8ED+174317]
	Ordinal0 [0x00148CDB+167131]
	Ordinal0 [0x0013144A+70730]
	Ordinal0 [0x001324D0+74960]
	Ordinal0 [0x00132469+74857]
	Ordinal0 [0x002342C7+1131207]
	GetHandleVerifier [0x003370FD+523789]
	GetHandleVerifier [0x00336E90+523168]
	GetHandleVerifier [0x0033E1E7+552695]
	GetHandleVerifier [0x003378FA+525834]
	Ordinal0 [0x0022B7FC+1095676]
	Ordinal0 [0x0023633B+1139515]
	Ordinal0 [0x002364A3+1139875]
	Ordinal0 [0x00235425+1135653]
	BaseThreadInitThunk [0x74E560C9+25]
	RtlGetAppContainerNamedObjectPath [0x76F77A94+228]
	RtlGetAppContainerNamedObjectPath [0x76F77A64+180]
">
      <![CDATA[org.openqa.selenium.SessionNotCreatedException: session not created: This version of ChromeDriver only supports Chrome version 78
Build info: version: '3.11.0', revision: 'e59cfb3', time: '2018-03-11T20:26:55.152Z'
System info: host: 'HMECL003091', ip: '10.160.251.12', os.name: 'Windows 10', os.arch: 'amd64', os.version: '10.0', java.version: '1.8.0_241'
Driver info: driver.version: ChromeDriver
remote stacktrace: Backtrace:
	Ordinal0 [0x0029A903+1550595]
	Ordinal0 [0x0021A701+1025793]
	Ordinal0 [0x0019C6E5+509669]
	Ordinal0 [0x0012FC68+64616]
	Ordinal0 [0x0012C594+50580]
	Ordinal0 [0x0014ACE7+175335]
	Ordinal0 [0x0014A8ED+174317]
	Ordinal0 [0x00148CDB+167131]
	Ordinal0 [0x0013144A+70730]
	Ordinal0 [0x001324D0+74960]
	Ordinal0 [0x00132469+74857]
	Ordinal0 [0x002342C7+1131207]
	GetHandleVerifier [0x003370FD+523789]
	GetHandleVerifier [0x00336E90+523168]
	GetHandleVerifier [0x0033E1E7+552695]
	GetHandleVerifier [0x003378FA+525834]
	Ordinal0 [0x0022B7FC+1095676]
	Ordinal0 [0x0023633B+1139515]
	Ordinal0 [0x002364A3+1139875]
	Ordinal0 [0x00235425+1135653]
	BaseThreadInitThunk [0x74E560C9+25]
	RtlGetAppContainerNamedObjectPath [0x76F77A94+228]
	RtlGetAppContainerNamedObjectPath [0x76F77A64+180]

	at sun.reflect.NativeConstructorAccessorImpl.newInstance0(Native Method)
	at sun.reflect.NativeConstructorAccessorImpl.newInstance(Unknown Source)
	at sun.reflect.DelegatingConstructorAccessorImpl.newInstance(Unknown Source)
	at java.lang.reflect.Constructor.newInstance(Unknown Source)
	at org.openqa.selenium.remote.W3CHandshakeResponse.lambda$new$0(W3CHandshakeResponse.java:57)
	at org.openqa.selenium.remote.W3CHandshakeResponse.lambda$getResponseFunction$2(W3CHandshakeResponse.java:104)
	at org.openqa.selenium.remote.ProtocolHandshake.lambda$createSession$0(ProtocolHandshake.java:123)
	at java.util.stream.ReferencePipeline$3$1.accept(Unknown Source)
	at java.util.Spliterators$ArraySpliterator.tryAdvance(Unknown Source)
	at java.util.stream.ReferencePipeline.forEachWithCancel(Unknown Source)
	at java.util.stream.AbstractPipeline.copyIntoWithCancel(Unknown Source)
	at java.util.stream.AbstractPipeline.copyInto(Unknown Source)
	at java.util.stream.AbstractPipeline.wrapAndCopyInto(Unknown Source)
	at java.util.stream.FindOps$FindOp.evaluateSequential(Unknown Source)
	at java.util.stream.AbstractPipeline.evaluate(Unknown Source)
	at java.util.stream.ReferencePipeline.findFirst(Unknown Source)
	at org.openqa.selenium.remote.ProtocolHandshake.createSession(ProtocolHandshake.java:126)
	at org.openqa.selenium.remote.ProtocolHandshake.createSession(ProtocolHandshake.java:73)
	at org.openqa.selenium.remote.HttpCommandExecutor.execute(HttpCommandExecutor.java:136)
	at org.openqa.selenium.remote.service.DriverCommandExecutor.execute(DriverCommandExecutor.java:83)
	at org.openqa.selenium.remote.RemoteWebDriver.execute(RemoteWebDriver.java:545)
	at org.openqa.selenium.remote.RemoteWebDriver.startSession(RemoteWebDriver.java:209)
	at org.openqa.selenium.remote.RemoteWebDriver.<init>(RemoteWebDriver.java:132)
	at org.openqa.selenium.chrome.ChromeDriver.<init>(ChromeDriver.java:181)
	at org.openqa.selenium.chrome.ChromeDriver.<init>(ChromeDriver.java:168)
	at org.openqa.selenium.chrome.ChromeDriver.<init>(ChromeDriver.java:123)
	at com.qa.tests.LoginTest.setup(LoginTest.java:25)
	at sun.reflect.NativeMethodAccessorImpl.invoke0(Native Method)
	at sun.reflect.NativeMethodAccessorImpl.invoke(Unknown Source)
	at sun.reflect.DelegatingMethodAccessorImpl.invoke(Unknown Source)
	at java.lang.reflect.Method.invoke(Unknown Source)
	at org.testng.internal.MethodInvocationHelper.invokeMethod(MethodInvocationHelper.java:85)
	at org.testng.internal.Invoker.invokeConfigurationMethod(Invoker.java:517)
	at org.testng.internal.Invoker.invokeConfigurations(Invoker.java:213)
	at org.testng.internal.Invoker.invokeMethod(Invoker.java:601)
	at org.testng.internal.Invoker.invokeTestMethod(Invoker.java:845)
	at org.testng.internal.Invoker.invokeTestMethods(Invoker.java:1153)
	at org.testng.internal.TestMethodWorker.invokeTestMethods(TestMethodWorker.java:125)
	at org.testng.internal.TestMethodWorker.run(TestMethodWorker.java:108)
	at java.util.concurrent.ThreadPoolExecutor.runWorker(Unknown Source)
	at java.util.concurrent.ThreadPoolExecutor$Worker.run(Unknown Source)
	at java.lang.Thread.run(Unknown Source)
]]>
    </error>
  </testcase> <!-- freeCrmTitleTest -->
</testsuite> <!-- com.qa.tests.LoginTest -->
